

Started GET "/" for 127.0.0.1 at 2013-10-01 19:03:02 -0300

Mysql2::Error (Unknown database 'MicroTutos_development'):
  mysql2 (0.3.13) lib/mysql2/client.rb:58:in `connect'
  mysql2 (0.3.13) lib/mysql2/client.rb:58:in `initialize'
  activerecord (4.0.0) lib/active_record/connection_adapters/mysql2_adapter.rb:18:in `new'
  activerecord (4.0.0) lib/active_record/connection_adapters/mysql2_adapter.rb:18:in `mysql2_connection'
  activerecord (4.0.0) lib/active_record/connection_adapters/abstract/connection_pool.rb:440:in `new_connection'
  activerecord (4.0.0) lib/active_record/connection_adapters/abstract/connection_pool.rb:450:in `checkout_new_connection'
  activerecord (4.0.0) lib/active_record/connection_adapters/abstract/connection_pool.rb:421:in `acquire_connection'
  activerecord (4.0.0) lib/active_record/connection_adapters/abstract/connection_pool.rb:356:in `block in checkout'
  /home/lucasanjos/.rvm/rubies/ruby-1.9.3-p448/lib/ruby/1.9.1/monitor.rb:211:in `mon_synchronize'
  activerecord (4.0.0) lib/active_record/connection_adapters/abstract/connection_pool.rb:355:in `checkout'
  activerecord (4.0.0) lib/active_record/connection_adapters/abstract/connection_pool.rb:265:in `block in connection'
  /home/lucasanjos/.rvm/rubies/ruby-1.9.3-p448/lib/ruby/1.9.1/monitor.rb:211:in `mon_synchronize'
  activerecord (4.0.0) lib/active_record/connection_adapters/abstract/connection_pool.rb:264:in `connection'
  activerecord (4.0.0) lib/active_record/connection_adapters/abstract/connection_pool.rb:546:in `retrieve_connection'
  activerecord (4.0.0) lib/active_record/connection_handling.rb:79:in `retrieve_connection'
  activerecord (4.0.0) lib/active_record/connection_handling.rb:53:in `connection'
  activerecord (4.0.0) lib/active_record/query_cache.rb:51:in `restore_query_cache_settings'
  activerecord (4.0.0) lib/active_record/query_cache.rb:43:in `rescue in call'
  activerecord (4.0.0) lib/active_record/query_cache.rb:32:in `call'
  activerecord (4.0.0) lib/active_record/connection_adapters/abstract/connection_pool.rb:626:in `call'
  activerecord (4.0.0) lib/active_record/migration.rb:369:in `call'
  actionpack (4.0.0) lib/action_dispatch/middleware/callbacks.rb:29:in `block in call'
  activesupport (4.0.0) lib/active_support/callbacks.rb:373:in `_run__3767535106331035077__call__callbacks'
  activesupport (4.0.0) lib/active_support/callbacks.rb:80:in `run_callbacks'
  actionpack (4.0.0) lib/action_dispatch/middleware/callbacks.rb:27:in `call'
  actionpack (4.0.0) lib/action_dispatch/middleware/reloader.rb:64:in `call'
  actionpack (4.0.0) lib/action_dispatch/middleware/remote_ip.rb:76:in `call'
  actionpack (4.0.0) lib/action_dispatch/middleware/debug_exceptions.rb:17:in `call'
  actionpack (4.0.0) lib/action_dispatch/middleware/show_exceptions.rb:30:in `call'
  railties (4.0.0) lib/rails/rack/logger.rb:38:in `call_app'
  railties (4.0.0) lib/rails/rack/logger.rb:21:in `block in call'
  activesupport (4.0.0) lib/active_support/tagged_logging.rb:67:in `block in tagged'
  activesupport (4.0.0) lib/active_support/tagged_logging.rb:25:in `tagged'
  activesupport (4.0.0) lib/active_support/tagged_logging.rb:67:in `tagged'
  railties (4.0.0) lib/rails/rack/logger.rb:21:in `call'
  actionpack (4.0.0) lib/action_dispatch/middleware/request_id.rb:21:in `call'
  rack (1.5.2) lib/rack/methodoverride.rb:21:in `call'
  rack (1.5.2) lib/rack/runtime.rb:17:in `call'
  activesupport (4.0.0) lib/active_support/cache/strategy/local_cache.rb:83:in `call'
  rack (1.5.2) lib/rack/lock.rb:17:in `call'
  actionpack (4.0.0) lib/action_dispatch/middleware/static.rb:64:in `call'
  railties (4.0.0) lib/rails/engine.rb:511:in `call'
  railties (4.0.0) lib/rails/application.rb:97:in `call'
  puma (2.6.0) lib/puma/rack_patch.rb:13:in `call'
  puma (2.6.0) lib/puma/configuration.rb:68:in `call'
  puma (2.6.0) lib/puma/server.rb:486:in `handle_request'
  puma (2.6.0) lib/puma/server.rb:357:in `process_client'
  puma (2.6.0) lib/puma/server.rb:250:in `block in run'
  puma (2.6.0) lib/puma/thread_pool.rb:92:in `call'
  puma (2.6.0) lib/puma/thread_pool.rb:92:in `block in spawn_thread'


  Rendered /home/lucasanjos/.rvm/gems/ruby-1.9.3-p448/gems/actionpack-4.0.0/lib/action_dispatch/middleware/templates/rescues/_source.erb (0.6ms)
  Rendered /home/lucasanjos/.rvm/gems/ruby-1.9.3-p448/gems/actionpack-4.0.0/lib/action_dispatch/middleware/templates/rescues/_trace.erb (1.1ms)
  Rendered /home/lucasanjos/.rvm/gems/ruby-1.9.3-p448/gems/actionpack-4.0.0/lib/action_dispatch/middleware/templates/rescues/_request_and_response.erb (1.4ms)
  Rendered /home/lucasanjos/.rvm/gems/ruby-1.9.3-p448/gems/actionpack-4.0.0/lib/action_dispatch/middleware/templates/rescues/diagnostics.erb within rescues/layout (17.7ms)


Started GET "/" for 127.0.0.1 at 2013-10-01 19:03:38 -0300
Processing by Rails::WelcomeController#index as HTML
  Rendered /home/lucasanjos/.rvm/gems/ruby-1.9.3-p448/gems/railties-4.0.0/lib/rails/templates/rails/welcome/index.html.erb (14.8ms)
Completed 200 OK in 52ms (Views: 36.1ms | ActiveRecord: 0.0ms)


Started GET "/" for 127.0.0.1 at 2013-10-01 19:09:43 -0300
Processing by Rails::WelcomeController#index as HTML
  Rendered /home/lucasanjos/.rvm/gems/ruby-1.9.3-p448/gems/railties-4.0.0/lib/rails/templates/rails/welcome/index.html.erb (14.8ms)
Completed 200 OK in 51ms (Views: 35.1ms | ActiveRecord: 0.0ms)


Started GET "/" for 127.0.0.1 at 2013-10-02 13:37:39 -0300

Mysql2::Error (Access denied for user 'root'@'localhost' (using password: NO)):
  mysql2 (0.3.13) lib/mysql2/client.rb:58:in `connect'
  mysql2 (0.3.13) lib/mysql2/client.rb:58:in `initialize'
  activerecord (4.0.0) lib/active_record/connection_adapters/mysql2_adapter.rb:18:in `new'
  activerecord (4.0.0) lib/active_record/connection_adapters/mysql2_adapter.rb:18:in `mysql2_connection'
  activerecord (4.0.0) lib/active_record/connection_adapters/abstract/connection_pool.rb:440:in `new_connection'
  activerecord (4.0.0) lib/active_record/connection_adapters/abstract/connection_pool.rb:450:in `checkout_new_connection'
  activerecord (4.0.0) lib/active_record/connection_adapters/abstract/connection_pool.rb:421:in `acquire_connection'
  activerecord (4.0.0) lib/active_record/connection_adapters/abstract/connection_pool.rb:356:in `block in checkout'
  /usr/local/rvm/rubies/ruby-1.9.3-p392/lib/ruby/1.9.1/monitor.rb:211:in `mon_synchronize'
  activerecord (4.0.0) lib/active_record/connection_adapters/abstract/connection_pool.rb:355:in `checkout'
  activerecord (4.0.0) lib/active_record/connection_adapters/abstract/connection_pool.rb:265:in `block in connection'
  /usr/local/rvm/rubies/ruby-1.9.3-p392/lib/ruby/1.9.1/monitor.rb:211:in `mon_synchronize'
  activerecord (4.0.0) lib/active_record/connection_adapters/abstract/connection_pool.rb:264:in `connection'
  activerecord (4.0.0) lib/active_record/connection_adapters/abstract/connection_pool.rb:546:in `retrieve_connection'
  activerecord (4.0.0) lib/active_record/connection_handling.rb:79:in `retrieve_connection'
  activerecord (4.0.0) lib/active_record/connection_handling.rb:53:in `connection'
  activerecord (4.0.0) lib/active_record/query_cache.rb:51:in `restore_query_cache_settings'
  activerecord (4.0.0) lib/active_record/query_cache.rb:43:in `rescue in call'
  activerecord (4.0.0) lib/active_record/query_cache.rb:32:in `call'
  activerecord (4.0.0) lib/active_record/connection_adapters/abstract/connection_pool.rb:626:in `call'
  activerecord (4.0.0) lib/active_record/migration.rb:369:in `call'
  actionpack (4.0.0) lib/action_dispatch/middleware/callbacks.rb:29:in `block in call'
  activesupport (4.0.0) lib/active_support/callbacks.rb:373:in `_run__2847082947349046573__call__callbacks'
  activesupport (4.0.0) lib/active_support/callbacks.rb:80:in `run_callbacks'
  actionpack (4.0.0) lib/action_dispatch/middleware/callbacks.rb:27:in `call'
  actionpack (4.0.0) lib/action_dispatch/middleware/reloader.rb:64:in `call'
  actionpack (4.0.0) lib/action_dispatch/middleware/remote_ip.rb:76:in `call'
  actionpack (4.0.0) lib/action_dispatch/middleware/debug_exceptions.rb:17:in `call'
  actionpack (4.0.0) lib/action_dispatch/middleware/show_exceptions.rb:30:in `call'
  railties (4.0.0) lib/rails/rack/logger.rb:38:in `call_app'
  railties (4.0.0) lib/rails/rack/logger.rb:21:in `block in call'
  activesupport (4.0.0) lib/active_support/tagged_logging.rb:67:in `block in tagged'
  activesupport (4.0.0) lib/active_support/tagged_logging.rb:25:in `tagged'
  activesupport (4.0.0) lib/active_support/tagged_logging.rb:67:in `tagged'
  railties (4.0.0) lib/rails/rack/logger.rb:21:in `call'
  actionpack (4.0.0) lib/action_dispatch/middleware/request_id.rb:21:in `call'
  rack (1.5.2) lib/rack/methodoverride.rb:21:in `call'
  rack (1.5.2) lib/rack/runtime.rb:17:in `call'
  activesupport (4.0.0) lib/active_support/cache/strategy/local_cache.rb:83:in `call'
  rack (1.5.2) lib/rack/lock.rb:17:in `call'
  actionpack (4.0.0) lib/action_dispatch/middleware/static.rb:64:in `call'
  railties (4.0.0) lib/rails/engine.rb:511:in `call'
  railties (4.0.0) lib/rails/application.rb:97:in `call'
  rack (1.5.2) lib/rack/content_length.rb:14:in `call'
  puma (2.6.0) lib/puma/server.rb:486:in `handle_request'
  puma (2.6.0) lib/puma/server.rb:357:in `process_client'
  puma (2.6.0) lib/puma/server.rb:250:in `block in run'
  puma (2.6.0) lib/puma/thread_pool.rb:92:in `call'
  puma (2.6.0) lib/puma/thread_pool.rb:92:in `block in spawn_thread'


  Rendered /usr/local/rvm/gems/ruby-1.9.3-p392/gems/actionpack-4.0.0/lib/action_dispatch/middleware/templates/rescues/_source.erb (0.3ms)
  Rendered /usr/local/rvm/gems/ruby-1.9.3-p392/gems/actionpack-4.0.0/lib/action_dispatch/middleware/templates/rescues/_trace.erb (0.6ms)
  Rendered /usr/local/rvm/gems/ruby-1.9.3-p392/gems/actionpack-4.0.0/lib/action_dispatch/middleware/templates/rescues/_request_and_response.erb (0.5ms)
  Rendered /usr/local/rvm/gems/ruby-1.9.3-p392/gems/actionpack-4.0.0/lib/action_dispatch/middleware/templates/rescues/diagnostics.erb within rescues/layout (21.8ms)


Started GET "/" for 127.0.0.1 at 2013-10-02 13:37:39 -0300

Mysql2::Error (Access denied for user 'root'@'localhost' (using password: NO)):
  mysql2 (0.3.13) lib/mysql2/client.rb:58:in `connect'
  mysql2 (0.3.13) lib/mysql2/client.rb:58:in `initialize'
  activerecord (4.0.0) lib/active_record/connection_adapters/mysql2_adapter.rb:18:in `new'
  activerecord (4.0.0) lib/active_record/connection_adapters/mysql2_adapter.rb:18:in `mysql2_connection'
  activerecord (4.0.0) lib/active_record/connection_adapters/abstract/connection_pool.rb:440:in `new_connection'
  activerecord (4.0.0) lib/active_record/connection_adapters/abstract/connection_pool.rb:450:in `checkout_new_connection'
  activerecord (4.0.0) lib/active_record/connection_adapters/abstract/connection_pool.rb:421:in `acquire_connection'
  activerecord (4.0.0) lib/active_record/connection_adapters/abstract/connection_pool.rb:356:in `block in checkout'
  /usr/local/rvm/rubies/ruby-1.9.3-p392/lib/ruby/1.9.1/monitor.rb:211:in `mon_synchronize'
  activerecord (4.0.0) lib/active_record/connection_adapters/abstract/connection_pool.rb:355:in `checkout'
  activerecord (4.0.0) lib/active_record/connection_adapters/abstract/connection_pool.rb:265:in `block in connection'
  /usr/local/rvm/rubies/ruby-1.9.3-p392/lib/ruby/1.9.1/monitor.rb:211:in `mon_synchronize'
  activerecord (4.0.0) lib/active_record/connection_adapters/abstract/connection_pool.rb:264:in `connection'
  activerecord (4.0.0) lib/active_record/connection_adapters/abstract/connection_pool.rb:546:in `retrieve_connection'
  activerecord (4.0.0) lib/active_record/connection_handling.rb:79:in `retrieve_connection'
  activerecord (4.0.0) lib/active_record/connection_handling.rb:53:in `connection'
  activerecord (4.0.0) lib/active_record/query_cache.rb:51:in `restore_query_cache_settings'
  activerecord (4.0.0) lib/active_record/query_cache.rb:43:in `rescue in call'
  activerecord (4.0.0) lib/active_record/query_cache.rb:32:in `call'
  activerecord (4.0.0) lib/active_record/connection_adapters/abstract/connection_pool.rb:626:in `call'
  activerecord (4.0.0) lib/active_record/migration.rb:369:in `call'
  actionpack (4.0.0) lib/action_dispatch/middleware/callbacks.rb:29:in `block in call'
  activesupport (4.0.0) lib/active_support/callbacks.rb:373:in `_run__2847082947349046573__call__callbacks'
  activesupport (4.0.0) lib/active_support/callbacks.rb:80:in `run_callbacks'
  actionpack (4.0.0) lib/action_dispatch/middleware/callbacks.rb:27:in `call'
  actionpack (4.0.0) lib/action_dispatch/middleware/reloader.rb:64:in `call'
  actionpack (4.0.0) lib/action_dispatch/middleware/remote_ip.rb:76:in `call'
  actionpack (4.0.0) lib/action_dispatch/middleware/debug_exceptions.rb:17:in `call'
  actionpack (4.0.0) lib/action_dispatch/middleware/show_exceptions.rb:30:in `call'
  railties (4.0.0) lib/rails/rack/logger.rb:38:in `call_app'
  railties (4.0.0) lib/rails/rack/logger.rb:21:in `block in call'
  activesupport (4.0.0) lib/active_support/tagged_logging.rb:67:in `block in tagged'
  activesupport (4.0.0) lib/active_support/tagged_logging.rb:25:in `tagged'
  activesupport (4.0.0) lib/active_support/tagged_logging.rb:67:in `tagged'
  railties (4.0.0) lib/rails/rack/logger.rb:21:in `call'
  actionpack (4.0.0) lib/action_dispatch/middleware/request_id.rb:21:in `call'
  rack (1.5.2) lib/rack/methodoverride.rb:21:in `call'
  rack (1.5.2) lib/rack/runtime.rb:17:in `call'
  activesupport (4.0.0) lib/active_support/cache/strategy/local_cache.rb:83:in `call'
  rack (1.5.2) lib/rack/lock.rb:17:in `call'
  actionpack (4.0.0) lib/action_dispatch/middleware/static.rb:64:in `call'
  railties (4.0.0) lib/rails/engine.rb:511:in `call'
  railties (4.0.0) lib/rails/application.rb:97:in `call'
  rack (1.5.2) lib/rack/content_length.rb:14:in `call'
  puma (2.6.0) lib/puma/server.rb:486:in `handle_request'
  puma (2.6.0) lib/puma/server.rb:357:in `process_client'
  puma (2.6.0) lib/puma/server.rb:250:in `block in run'
  puma (2.6.0) lib/puma/thread_pool.rb:92:in `call'
  puma (2.6.0) lib/puma/thread_pool.rb:92:in `block in spawn_thread'


  Rendered /usr/local/rvm/gems/ruby-1.9.3-p392/gems/actionpack-4.0.0/lib/action_dispatch/middleware/templates/rescues/_source.erb (0.4ms)
  Rendered /usr/local/rvm/gems/ruby-1.9.3-p392/gems/actionpack-4.0.0/lib/action_dispatch/middleware/templates/rescues/_trace.erb (0.6ms)
  Rendered /usr/local/rvm/gems/ruby-1.9.3-p392/gems/actionpack-4.0.0/lib/action_dispatch/middleware/templates/rescues/_request_and_response.erb (0.5ms)
  Rendered /usr/local/rvm/gems/ruby-1.9.3-p392/gems/actionpack-4.0.0/lib/action_dispatch/middleware/templates/rescues/diagnostics.erb within rescues/layout (9.8ms)


Started GET "/" for 127.0.0.1 at 2013-10-02 13:48:12 -0300

Mysql2::Error (Access denied for user 'root'@'localhost' (using password: NO)):
  mysql2 (0.3.13) lib/mysql2/client.rb:58:in `connect'
  mysql2 (0.3.13) lib/mysql2/client.rb:58:in `initialize'
  activerecord (4.0.0) lib/active_record/connection_adapters/mysql2_adapter.rb:18:in `new'
  activerecord (4.0.0) lib/active_record/connection_adapters/mysql2_adapter.rb:18:in `mysql2_connection'
  activerecord (4.0.0) lib/active_record/connection_adapters/abstract/connection_pool.rb:440:in `new_connection'
  activerecord (4.0.0) lib/active_record/connection_adapters/abstract/connection_pool.rb:450:in `checkout_new_connection'
  activerecord (4.0.0) lib/active_record/connection_adapters/abstract/connection_pool.rb:421:in `acquire_connection'
  activerecord (4.0.0) lib/active_record/connection_adapters/abstract/connection_pool.rb:356:in `block in checkout'
  /usr/local/rvm/rubies/ruby-1.9.3-p392/lib/ruby/1.9.1/monitor.rb:211:in `mon_synchronize'
  activerecord (4.0.0) lib/active_record/connection_adapters/abstract/connection_pool.rb:355:in `checkout'
  activerecord (4.0.0) lib/active_record/connection_adapters/abstract/connection_pool.rb:265:in `block in connection'
  /usr/local/rvm/rubies/ruby-1.9.3-p392/lib/ruby/1.9.1/monitor.rb:211:in `mon_synchronize'
  activerecord (4.0.0) lib/active_record/connection_adapters/abstract/connection_pool.rb:264:in `connection'
  activerecord (4.0.0) lib/active_record/connection_adapters/abstract/connection_pool.rb:546:in `retrieve_connection'
  activerecord (4.0.0) lib/active_record/connection_handling.rb:79:in `retrieve_connection'
  activerecord (4.0.0) lib/active_record/connection_handling.rb:53:in `connection'
  activerecord (4.0.0) lib/active_record/query_cache.rb:51:in `restore_query_cache_settings'
  activerecord (4.0.0) lib/active_record/query_cache.rb:43:in `rescue in call'
  activerecord (4.0.0) lib/active_record/query_cache.rb:32:in `call'
  activerecord (4.0.0) lib/active_record/connection_adapters/abstract/connection_pool.rb:626:in `call'
  activerecord (4.0.0) lib/active_record/migration.rb:369:in `call'
  actionpack (4.0.0) lib/action_dispatch/middleware/callbacks.rb:29:in `block in call'
  activesupport (4.0.0) lib/active_support/callbacks.rb:373:in `_run__2556635947064907169__call__callbacks'
  activesupport (4.0.0) lib/active_support/callbacks.rb:80:in `run_callbacks'
  actionpack (4.0.0) lib/action_dispatch/middleware/callbacks.rb:27:in `call'
  actionpack (4.0.0) lib/action_dispatch/middleware/reloader.rb:64:in `call'
  actionpack (4.0.0) lib/action_dispatch/middleware/remote_ip.rb:76:in `call'
  actionpack (4.0.0) lib/action_dispatch/middleware/debug_exceptions.rb:17:in `call'
  actionpack (4.0.0) lib/action_dispatch/middleware/show_exceptions.rb:30:in `call'
  railties (4.0.0) lib/rails/rack/logger.rb:38:in `call_app'
  railties (4.0.0) lib/rails/rack/logger.rb:21:in `block in call'
  activesupport (4.0.0) lib/active_support/tagged_logging.rb:67:in `block in tagged'
  activesupport (4.0.0) lib/active_support/tagged_logging.rb:25:in `tagged'
  activesupport (4.0.0) lib/active_support/tagged_logging.rb:67:in `tagged'
  railties (4.0.0) lib/rails/rack/logger.rb:21:in `call'
  actionpack (4.0.0) lib/action_dispatch/middleware/request_id.rb:21:in `call'
  rack (1.5.2) lib/rack/methodoverride.rb:21:in `call'
  rack (1.5.2) lib/rack/runtime.rb:17:in `call'
  activesupport (4.0.0) lib/active_support/cache/strategy/local_cache.rb:83:in `call'
  rack (1.5.2) lib/rack/lock.rb:17:in `call'
  actionpack (4.0.0) lib/action_dispatch/middleware/static.rb:64:in `call'
  railties (4.0.0) lib/rails/engine.rb:511:in `call'
  railties (4.0.0) lib/rails/application.rb:97:in `call'
  puma (2.6.0) lib/puma/rack_patch.rb:13:in `call'
  puma (2.6.0) lib/puma/configuration.rb:68:in `call'
  puma (2.6.0) lib/puma/server.rb:486:in `handle_request'
  puma (2.6.0) lib/puma/server.rb:357:in `process_client'
  puma (2.6.0) lib/puma/server.rb:250:in `block in run'
  puma (2.6.0) lib/puma/thread_pool.rb:92:in `call'
  puma (2.6.0) lib/puma/thread_pool.rb:92:in `block in spawn_thread'


  Rendered /usr/local/rvm/gems/ruby-1.9.3-p392/gems/actionpack-4.0.0/lib/action_dispatch/middleware/templates/rescues/_source.erb (0.3ms)
  Rendered /usr/local/rvm/gems/ruby-1.9.3-p392/gems/actionpack-4.0.0/lib/action_dispatch/middleware/templates/rescues/_trace.erb (0.6ms)
  Rendered /usr/local/rvm/gems/ruby-1.9.3-p392/gems/actionpack-4.0.0/lib/action_dispatch/middleware/templates/rescues/_request_and_response.erb (0.5ms)
  Rendered /usr/local/rvm/gems/ruby-1.9.3-p392/gems/actionpack-4.0.0/lib/action_dispatch/middleware/templates/rescues/diagnostics.erb within rescues/layout (8.2ms)


Started GET "/" for 127.0.0.1 at 2013-10-02 13:48:24 -0300

Mysql2::Error (Access denied for user 'root'@'localhost' (using password: NO)):
  mysql2 (0.3.13) lib/mysql2/client.rb:58:in `connect'
  mysql2 (0.3.13) lib/mysql2/client.rb:58:in `initialize'
  activerecord (4.0.0) lib/active_record/connection_adapters/mysql2_adapter.rb:18:in `new'
  activerecord (4.0.0) lib/active_record/connection_adapters/mysql2_adapter.rb:18:in `mysql2_connection'
  activerecord (4.0.0) lib/active_record/connection_adapters/abstract/connection_pool.rb:440:in `new_connection'
  activerecord (4.0.0) lib/active_record/connection_adapters/abstract/connection_pool.rb:450:in `checkout_new_connection'
  activerecord (4.0.0) lib/active_record/connection_adapters/abstract/connection_pool.rb:421:in `acquire_connection'
  activerecord (4.0.0) lib/active_record/connection_adapters/abstract/connection_pool.rb:356:in `block in checkout'
  /usr/local/rvm/rubies/ruby-1.9.3-p392/lib/ruby/1.9.1/monitor.rb:211:in `mon_synchronize'
  activerecord (4.0.0) lib/active_record/connection_adapters/abstract/connection_pool.rb:355:in `checkout'
  activerecord (4.0.0) lib/active_record/connection_adapters/abstract/connection_pool.rb:265:in `block in connection'
  /usr/local/rvm/rubies/ruby-1.9.3-p392/lib/ruby/1.9.1/monitor.rb:211:in `mon_synchronize'
  activerecord (4.0.0) lib/active_record/connection_adapters/abstract/connection_pool.rb:264:in `connection'
  activerecord (4.0.0) lib/active_record/connection_adapters/abstract/connection_pool.rb:546:in `retrieve_connection'
  activerecord (4.0.0) lib/active_record/connection_handling.rb:79:in `retrieve_connection'
  activerecord (4.0.0) lib/active_record/connection_handling.rb:53:in `connection'
  activerecord (4.0.0) lib/active_record/query_cache.rb:51:in `restore_query_cache_settings'
  activerecord (4.0.0) lib/active_record/query_cache.rb:43:in `rescue in call'
  activerecord (4.0.0) lib/active_record/query_cache.rb:32:in `call'
  activerecord (4.0.0) lib/active_record/connection_adapters/abstract/connection_pool.rb:626:in `call'
  activerecord (4.0.0) lib/active_record/migration.rb:369:in `call'
  actionpack (4.0.0) lib/action_dispatch/middleware/callbacks.rb:29:in `block in call'
  activesupport (4.0.0) lib/active_support/callbacks.rb:373:in `_run__2556635947064907169__call__callbacks'
  activesupport (4.0.0) lib/active_support/callbacks.rb:80:in `run_callbacks'
  actionpack (4.0.0) lib/action_dispatch/middleware/callbacks.rb:27:in `call'
  actionpack (4.0.0) lib/action_dispatch/middleware/reloader.rb:64:in `call'
  actionpack (4.0.0) lib/action_dispatch/middleware/remote_ip.rb:76:in `call'
  actionpack (4.0.0) lib/action_dispatch/middleware/debug_exceptions.rb:17:in `call'
  actionpack (4.0.0) lib/action_dispatch/middleware/show_exceptions.rb:30:in `call'
  railties (4.0.0) lib/rails/rack/logger.rb:38:in `call_app'
  railties (4.0.0) lib/rails/rack/logger.rb:21:in `block in call'
  activesupport (4.0.0) lib/active_support/tagged_logging.rb:67:in `block in tagged'
  activesupport (4.0.0) lib/active_support/tagged_logging.rb:25:in `tagged'
  activesupport (4.0.0) lib/active_support/tagged_logging.rb:67:in `tagged'
  railties (4.0.0) lib/rails/rack/logger.rb:21:in `call'
  actionpack (4.0.0) lib/action_dispatch/middleware/request_id.rb:21:in `call'
  rack (1.5.2) lib/rack/methodoverride.rb:21:in `call'
  rack (1.5.2) lib/rack/runtime.rb:17:in `call'
  activesupport (4.0.0) lib/active_support/cache/strategy/local_cache.rb:83:in `call'
  rack (1.5.2) lib/rack/lock.rb:17:in `call'
  actionpack (4.0.0) lib/action_dispatch/middleware/static.rb:64:in `call'
  railties (4.0.0) lib/rails/engine.rb:511:in `call'
  railties (4.0.0) lib/rails/application.rb:97:in `call'
  puma (2.6.0) lib/puma/rack_patch.rb:13:in `call'
  puma (2.6.0) lib/puma/configuration.rb:68:in `call'
  puma (2.6.0) lib/puma/server.rb:486:in `handle_request'
  puma (2.6.0) lib/puma/server.rb:357:in `process_client'
  puma (2.6.0) lib/puma/server.rb:250:in `block in run'
  puma (2.6.0) lib/puma/thread_pool.rb:92:in `call'
  puma (2.6.0) lib/puma/thread_pool.rb:92:in `block in spawn_thread'


  Rendered /usr/local/rvm/gems/ruby-1.9.3-p392/gems/actionpack-4.0.0/lib/action_dispatch/middleware/templates/rescues/_source.erb (0.4ms)
  Rendered /usr/local/rvm/gems/ruby-1.9.3-p392/gems/actionpack-4.0.0/lib/action_dispatch/middleware/templates/rescues/_trace.erb (0.7ms)
  Rendered /usr/local/rvm/gems/ruby-1.9.3-p392/gems/actionpack-4.0.0/lib/action_dispatch/middleware/templates/rescues/_request_and_response.erb (0.6ms)
  Rendered /usr/local/rvm/gems/ruby-1.9.3-p392/gems/actionpack-4.0.0/lib/action_dispatch/middleware/templates/rescues/diagnostics.erb within rescues/layout (8.3ms)


Started GET "/" for 127.0.0.1 at 2013-10-02 13:48:25 -0300

Mysql2::Error (Access denied for user 'root'@'localhost' (using password: NO)):
  mysql2 (0.3.13) lib/mysql2/client.rb:58:in `connect'
  mysql2 (0.3.13) lib/mysql2/client.rb:58:in `initialize'
  activerecord (4.0.0) lib/active_record/connection_adapters/mysql2_adapter.rb:18:in `new'
  activerecord (4.0.0) lib/active_record/connection_adapters/mysql2_adapter.rb:18:in `mysql2_connection'
  activerecord (4.0.0) lib/active_record/connection_adapters/abstract/connection_pool.rb:440:in `new_connection'
  activerecord (4.0.0) lib/active_record/connection_adapters/abstract/connection_pool.rb:450:in `checkout_new_connection'
  activerecord (4.0.0) lib/active_record/connection_adapters/abstract/connection_pool.rb:421:in `acquire_connection'
  activerecord (4.0.0) lib/active_record/connection_adapters/abstract/connection_pool.rb:356:in `block in checkout'
  /usr/local/rvm/rubies/ruby-1.9.3-p392/lib/ruby/1.9.1/monitor.rb:211:in `mon_synchronize'
  activerecord (4.0.0) lib/active_record/connection_adapters/abstract/connection_pool.rb:355:in `checkout'
  activerecord (4.0.0) lib/active_record/connection_adapters/abstract/connection_pool.rb:265:in `block in connection'
  /usr/local/rvm/rubies/ruby-1.9.3-p392/lib/ruby/1.9.1/monitor.rb:211:in `mon_synchronize'
  activerecord (4.0.0) lib/active_record/connection_adapters/abstract/connection_pool.rb:264:in `connection'
  activerecord (4.0.0) lib/active_record/connection_adapters/abstract/connection_pool.rb:546:in `retrieve_connection'
  activerecord (4.0.0) lib/active_record/connection_handling.rb:79:in `retrieve_connection'
  activerecord (4.0.0) lib/active_record/connection_handling.rb:53:in `connection'
  activerecord (4.0.0) lib/active_record/query_cache.rb:51:in `restore_query_cache_settings'
  activerecord (4.0.0) lib/active_record/query_cache.rb:43:in `rescue in call'
  activerecord (4.0.0) lib/active_record/query_cache.rb:32:in `call'
  activerecord (4.0.0) lib/active_record/connection_adapters/abstract/connection_pool.rb:626:in `call'
  activerecord (4.0.0) lib/active_record/migration.rb:369:in `call'
  actionpack (4.0.0) lib/action_dispatch/middleware/callbacks.rb:29:in `block in call'
  activesupport (4.0.0) lib/active_support/callbacks.rb:373:in `_run__2556635947064907169__call__callbacks'
  activesupport (4.0.0) lib/active_support/callbacks.rb:80:in `run_callbacks'
  actionpack (4.0.0) lib/action_dispatch/middleware/callbacks.rb:27:in `call'
  actionpack (4.0.0) lib/action_dispatch/middleware/reloader.rb:64:in `call'
  actionpack (4.0.0) lib/action_dispatch/middleware/remote_ip.rb:76:in `call'
  actionpack (4.0.0) lib/action_dispatch/middleware/debug_exceptions.rb:17:in `call'
  actionpack (4.0.0) lib/action_dispatch/middleware/show_exceptions.rb:30:in `call'
  railties (4.0.0) lib/rails/rack/logger.rb:38:in `call_app'
  railties (4.0.0) lib/rails/rack/logger.rb:21:in `block in call'
  activesupport (4.0.0) lib/active_support/tagged_logging.rb:67:in `block in tagged'
  activesupport (4.0.0) lib/active_support/tagged_logging.rb:25:in `tagged'
  activesupport (4.0.0) lib/active_support/tagged_logging.rb:67:in `tagged'
  railties (4.0.0) lib/rails/rack/logger.rb:21:in `call'
  actionpack (4.0.0) lib/action_dispatch/middleware/request_id.rb:21:in `call'
  rack (1.5.2) lib/rack/methodoverride.rb:21:in `call'
  rack (1.5.2) lib/rack/runtime.rb:17:in `call'
  activesupport (4.0.0) lib/active_support/cache/strategy/local_cache.rb:83:in `call'
  rack (1.5.2) lib/rack/lock.rb:17:in `call'
  actionpack (4.0.0) lib/action_dispatch/middleware/static.rb:64:in `call'
  railties (4.0.0) lib/rails/engine.rb:511:in `call'
  railties (4.0.0) lib/rails/application.rb:97:in `call'
  puma (2.6.0) lib/puma/rack_patch.rb:13:in `call'
  puma (2.6.0) lib/puma/configuration.rb:68:in `call'
  puma (2.6.0) lib/puma/server.rb:486:in `handle_request'
  puma (2.6.0) lib/puma/server.rb:357:in `process_client'
  puma (2.6.0) lib/puma/server.rb:250:in `block in run'
  puma (2.6.0) lib/puma/thread_pool.rb:92:in `call'
  puma (2.6.0) lib/puma/thread_pool.rb:92:in `block in spawn_thread'


  Rendered /usr/local/rvm/gems/ruby-1.9.3-p392/gems/actionpack-4.0.0/lib/action_dispatch/middleware/templates/rescues/_source.erb (1.6ms)
  Rendered /usr/local/rvm/gems/ruby-1.9.3-p392/gems/actionpack-4.0.0/lib/action_dispatch/middleware/templates/rescues/_trace.erb (0.8ms)
  Rendered /usr/local/rvm/gems/ruby-1.9.3-p392/gems/actionpack-4.0.0/lib/action_dispatch/middleware/templates/rescues/_request_and_response.erb (0.6ms)
  Rendered /usr/local/rvm/gems/ruby-1.9.3-p392/gems/actionpack-4.0.0/lib/action_dispatch/middleware/templates/rescues/diagnostics.erb within rescues/layout (12.0ms)


Started GET "/" for 127.0.0.1 at 2013-10-02 13:55:22 -0300
Processing by Rails::WelcomeController#index as HTML
  Rendered /usr/local/rvm/gems/ruby-1.9.3-p392/gems/railties-4.0.0/lib/rails/templates/rails/welcome/index.html.erb (13.6ms)
Completed 200 OK in 64ms (Views: 37.1ms | ActiveRecord: 0.0ms)


Started GET "/" for 127.0.0.1 at 2013-10-02 13:57:28 -0300
Processing by Rails::WelcomeController#index as HTML
  Rendered /usr/local/rvm/gems/ruby-1.9.3-p392/gems/railties-4.0.0/lib/rails/templates/rails/welcome/index.html.erb (13.1ms)
Completed 200 OK in 45ms (Views: 32.8ms | ActiveRecord: 0.0ms)


Started GET "/" for 127.0.0.1 at 2013-10-02 13:57:29 -0300
Processing by Rails::WelcomeController#index as HTML
  Rendered /usr/local/rvm/gems/ruby-1.9.3-p392/gems/railties-4.0.0/lib/rails/templates/rails/welcome/index.html.erb (1.4ms)
Completed 200 OK in 7ms (Views: 6.6ms | ActiveRecord: 0.0ms)


Started GET "/" for 127.0.0.1 at 2013-10-02 13:57:31 -0300
Processing by Rails::WelcomeController#index as HTML
  Rendered /usr/local/rvm/gems/ruby-1.9.3-p392/gems/railties-4.0.0/lib/rails/templates/rails/welcome/index.html.erb (0.0ms)
Completed 200 OK in 1ms (Views: 0.8ms | ActiveRecord: 0.0ms)
  [1m[36m (95.5ms)[0m  [1mCREATE TABLE `schema_migrations` (`version` varchar(255) NOT NULL) ENGINE=InnoDB[0m
  [1m[35m (225.2ms)[0m  CREATE UNIQUE INDEX `unique_schema_migrations` ON `schema_migrations` (`version`) 
  [1m[36mActiveRecord::SchemaMigration Load (0.3ms)[0m  [1mSELECT `schema_migrations`.* FROM `schema_migrations`[0m
Migrating to CreateUsers (20131002165903)
  [1m[35m (110.1ms)[0m  CREATE TABLE `users` (`id` int(11) DEFAULT NULL auto_increment PRIMARY KEY, `name` varchar(255) NOT NULL, `age` date NOT NULL, `username` varchar(255) NOT NULL, `email` varchar(255) NOT NULL, `password` varchar(255) NOT NULL, `moderator` tinyint(1), `admin` tinyint(1), `created_at` datetime, `updated_at` datetime) ENGINE=InnoDB
  [1m[36m (0.2ms)[0m  [1mBEGIN[0m
  [1m[35mSQL (2.0ms)[0m  INSERT INTO `schema_migrations` (`version`) VALUES ('20131002165903')
  [1m[36m (63.6ms)[0m  [1mCOMMIT[0m
  [1m[35mActiveRecord::SchemaMigration Load (0.3ms)[0m  SELECT `schema_migrations`.* FROM `schema_migrations`
  [1m[36mUser Load (0.3ms)[0m  [1mSELECT `users`.* FROM `users` ORDER BY `users`.`id` ASC LIMIT 1[0m
  [1m[35mUser Load (0.3ms)[0m  SELECT `users`.* FROM `users` ORDER BY `users`.`id` DESC LIMIT 1
